<?xml version="1.0" encoding="UTF-8"?>
<robot generator="Robot 7.0 (Python 3.11.7 on darwin)" generated="2024-02-04T20:17:48.680358" rpa="false" schemaversion="5">
<suite id="s1" name="Tests" source="/Users/sunnybharne/code/Robot-Framework/tests">
<suite id="s1-s1" name="Failed Test" source="/Users/sunnybharne/code/Robot-Framework/tests/failed_test.robot">
<test id="s1-s1-t1" name="Failed Test Case" line="10">
<kw name="Fail" owner="BuiltIn">
<msg time="2024-02-04T20:17:48.764484" level="FAIL">This test case is expected to fail</msg>
<arg>This test case is expected to fail</arg>
<doc>Fails the test with the given message and optionally alters its tags.</doc>
<status status="FAIL" start="2024-02-04T20:17:48.764327" elapsed="0.000226">This test case is expected to fail</status>
</kw>
<doc>This test case is expected to fail</doc>
<tag>fail</tag>
<tag>Failed</tag>
<tag>Requirement:1234</tag>
<tag>Smoke</tag>
<status status="FAIL" start="2024-02-04T20:17:48.763878" elapsed="0.000784">This test case is expected to fail</status>
</test>
<test id="s1-s1-t2" name="HTML Error" line="15">
<kw name="Should Be Equal As Numbers" owner="BuiltIn">
<msg time="2024-02-04T20:17:48.765113" level="FAIL">'{ValidNumber}' cannot be converted to a floating point number: ValueError: could not convert string to float: '{ValidNumber}'</msg>
<arg>{ValidNumber}</arg>
<arg>100</arg>
<arg>*HTML* Number is not my &lt;b&gt;MAGIC&lt;/b&gt; number.</arg>
<doc>Fails if objects are unequal after converting them to real numbers.</doc>
<status status="FAIL" start="2024-02-04T20:17:48.764988" elapsed="0.000196">'{ValidNumber}' cannot be converted to a floating point number: ValueError: could not convert string to float: '{ValidNumber}'</status>
</kw>
<doc>This test case is expected to fail</doc>
<tag>fail</tag>
<tag>Failed</tag>
<tag>Requirement:1234</tag>
<tag>Smoke</tag>
<status status="FAIL" start="2024-02-04T20:17:48.764783" elapsed="0.000491">'{ValidNumber}' cannot be converted to a floating point number: ValueError: could not convert string to float: '{ValidNumber}'</status>
</test>
<doc>This is a test suite for the SauceDemo application</doc>
<status status="FAIL" start="2024-02-04T20:17:48.691250" elapsed="0.074203"/>
</suite>
<status status="FAIL" start="2024-02-04T20:17:48.684712" elapsed="0.081001"/>
</suite>
<statistics>
<total>
<stat pass="0" fail="2" skip="0">All Tests</stat>
</total>
<tag>
<stat pass="0" fail="2" skip="0">fail</stat>
<stat pass="0" fail="2" skip="0">Failed</stat>
<stat pass="0" fail="2" skip="0">Requirement:1234</stat>
<stat pass="0" fail="2" skip="0">Smoke</stat>
</tag>
<suite>
<stat pass="0" fail="2" skip="0" id="s1" name="Tests">Tests</stat>
<stat pass="0" fail="2" skip="0" id="s1-s1" name="Failed Test">Tests.Failed Test</stat>
</suite>
</statistics>
<errors>
</errors>
</robot>
