<?xml version="1.0" encoding="UTF-8"?>
<robot generator="Robot 7.0 (Python 3.11.7 on darwin)" generated="2024-02-04T20:17:48.690593" rpa="false" schemaversion="5">
<suite id="s1" name="Tests" source="/Users/sunnybharne/code/Robot-Framework/tests">
<suite id="s1-s1" name="Datadriven Test" source="/Users/sunnybharne/code/Robot-Framework/tests/datadriven_test.robot">
<test id="s1-s1-t1" name="Valid Login with Template" line="5">
<kw name="Login to the application soucedemo">
<kw name="Open Browser" owner="SeleniumLibrary">
<msg time="2024-02-04T20:17:48.771991" level="INFO">Opening browser 'chrome' to base url 'https://www.saucedemo.com/'.</msg>
<arg>https://www.saucedemo.com/</arg>
<arg>chrome</arg>
<doc>Opens a new browser instance to the optional ``url``.</doc>
<status status="PASS" start="2024-02-04T20:17:48.771849" elapsed="2.857870"/>
</kw>
<kw name="Input Text" owner="SeleniumLibrary">
<msg time="2024-02-04T20:17:51.630572" level="INFO">Typing text 'standard_user' into text field 'id=user-name'.</msg>
<arg>id=user-name</arg>
<arg>${username}</arg>
<doc>Types the given ``text`` into the text field identified by ``locator``.</doc>
<status status="PASS" start="2024-02-04T20:17:51.630071" elapsed="0.197767"/>
</kw>
<kw name="Input Text" owner="SeleniumLibrary">
<msg time="2024-02-04T20:17:51.828908" level="INFO">Typing text 'secret_sauce' into text field 'id=password'.</msg>
<arg>id=password</arg>
<arg>${password}</arg>
<doc>Types the given ``text`` into the text field identified by ``locator``.</doc>
<status status="PASS" start="2024-02-04T20:17:51.828513" elapsed="0.044433"/>
</kw>
<kw name="Click Button" owner="SeleniumLibrary">
<msg time="2024-02-04T20:17:51.873377" level="INFO">Clicking button 'css=.btn_action'.</msg>
<arg>css=.btn_action</arg>
<doc>Clicks the button identified by ``locator``.</doc>
<status status="PASS" start="2024-02-04T20:17:51.873130" elapsed="0.058195"/>
</kw>
<kw name="Sleep" owner="BuiltIn">
<msg time="2024-02-04T20:17:56.932268" level="INFO">Slept 5 seconds.</msg>
<arg>5</arg>
<doc>Pauses the test executed for the given time.</doc>
<status status="PASS" start="2024-02-04T20:17:51.931470" elapsed="5.000986"/>
</kw>
<kw name="Close Browser" owner="SeleniumLibrary">
<doc>Closes the current browser.</doc>
<status status="PASS" start="2024-02-04T20:17:56.932748" elapsed="0.092216"/>
</kw>
<arg>standard_user</arg>
<arg>secret_sauce</arg>
<status status="PASS" start="2024-02-04T20:17:48.771382" elapsed="8.253740"/>
</kw>
<kw name="Login to the application soucedemo">
<kw name="Open Browser" owner="SeleniumLibrary">
<msg time="2024-02-04T20:17:57.025854" level="INFO">Opening browser 'chrome' to base url 'https://www.saucedemo.com/'.</msg>
<arg>https://www.saucedemo.com/</arg>
<arg>chrome</arg>
<doc>Opens a new browser instance to the optional ``url``.</doc>
<status status="PASS" start="2024-02-04T20:17:57.025711" elapsed="1.773568"/>
</kw>
<kw name="Input Text" owner="SeleniumLibrary">
<msg time="2024-02-04T20:17:58.800857" level="INFO">Typing text 'invalid_user' into text field 'id=user-name'.</msg>
<arg>id=user-name</arg>
<arg>${username}</arg>
<doc>Types the given ``text`` into the text field identified by ``locator``.</doc>
<status status="PASS" start="2024-02-04T20:17:58.800116" elapsed="0.143424"/>
</kw>
<kw name="Input Text" owner="SeleniumLibrary">
<msg time="2024-02-04T20:17:58.944083" level="INFO">Typing text 'wrong_password' into text field 'id=password'.</msg>
<arg>id=password</arg>
<arg>${password}</arg>
<doc>Types the given ``text`` into the text field identified by ``locator``.</doc>
<status status="PASS" start="2024-02-04T20:17:58.943687" elapsed="0.042975"/>
</kw>
<kw name="Click Button" owner="SeleniumLibrary">
<msg time="2024-02-04T20:17:58.986971" level="INFO">Clicking button 'css=.btn_action'.</msg>
<arg>css=.btn_action</arg>
<doc>Clicks the button identified by ``locator``.</doc>
<status status="PASS" start="2024-02-04T20:17:58.986790" elapsed="0.033497"/>
</kw>
<kw name="Sleep" owner="BuiltIn">
<msg time="2024-02-04T20:18:04.021078" level="INFO">Slept 5 seconds.</msg>
<arg>5</arg>
<doc>Pauses the test executed for the given time.</doc>
<status status="PASS" start="2024-02-04T20:17:59.020413" elapsed="5.001015"/>
</kw>
<kw name="Close Browser" owner="SeleniumLibrary">
<doc>Closes the current browser.</doc>
<status status="PASS" start="2024-02-04T20:18:04.022049" elapsed="0.086964"/>
</kw>
<arg>invalid_user</arg>
<arg>wrong_password</arg>
<status status="PASS" start="2024-02-04T20:17:57.025392" elapsed="7.083936"/>
</kw>
<tag>Regression</tag>
<tag>Smoke</tag>
<status status="PASS" start="2024-02-04T20:17:48.771038" elapsed="15.338583"/>
</test>
<test id="s1-s1-t2" name="Valid Login without template" line="11">
<kw name="Login to the application soucedemo">
<kw name="Open Browser" owner="SeleniumLibrary">
<msg time="2024-02-04T20:18:04.114132" level="INFO">Opening browser 'chrome' to base url 'https://www.saucedemo.com/'.</msg>
<arg>https://www.saucedemo.com/</arg>
<arg>chrome</arg>
<doc>Opens a new browser instance to the optional ``url``.</doc>
<status status="PASS" start="2024-02-04T20:18:04.112975" elapsed="1.847720"/>
</kw>
<kw name="Input Text" owner="SeleniumLibrary">
<msg time="2024-02-04T20:18:05.961373" level="INFO">Typing text 'standard_user' into text field 'id=user-name'.</msg>
<arg>id=user-name</arg>
<arg>${username}</arg>
<doc>Types the given ``text`` into the text field identified by ``locator``.</doc>
<status status="PASS" start="2024-02-04T20:18:05.961022" elapsed="0.104320"/>
</kw>
<kw name="Input Text" owner="SeleniumLibrary">
<msg time="2024-02-04T20:18:06.065679" level="INFO">Typing text 'secret_sauce' into text field 'id=password'.</msg>
<arg>id=password</arg>
<arg>${password}</arg>
<doc>Types the given ``text`` into the text field identified by ``locator``.</doc>
<status status="PASS" start="2024-02-04T20:18:06.065474" elapsed="0.037093"/>
</kw>
<kw name="Click Button" owner="SeleniumLibrary">
<msg time="2024-02-04T20:18:06.102843" level="INFO">Clicking button 'css=.btn_action'.</msg>
<arg>css=.btn_action</arg>
<doc>Clicks the button identified by ``locator``.</doc>
<status status="PASS" start="2024-02-04T20:18:06.102694" elapsed="0.035249"/>
</kw>
<kw name="Sleep" owner="BuiltIn">
<msg time="2024-02-04T20:18:11.140770" level="INFO">Slept 5 seconds.</msg>
<arg>5</arg>
<doc>Pauses the test executed for the given time.</doc>
<status status="PASS" start="2024-02-04T20:18:06.138053" elapsed="5.003142"/>
</kw>
<kw name="Close Browser" owner="SeleniumLibrary">
<doc>Closes the current browser.</doc>
<status status="PASS" start="2024-02-04T20:18:11.141911" elapsed="0.089374"/>
</kw>
<arg>standard_user</arg>
<arg>secret_sauce</arg>
<status status="PASS" start="2024-02-04T20:18:04.112335" elapsed="7.119082"/>
</kw>
<status status="PASS" start="2024-02-04T20:18:04.110643" elapsed="7.120929"/>
</test>
<status status="PASS" start="2024-02-04T20:17:48.705681" elapsed="22.526356"/>
</suite>
<status status="PASS" start="2024-02-04T20:17:48.695642" elapsed="22.536972"/>
</suite>
<statistics>
<total>
<stat pass="2" fail="0" skip="0">All Tests</stat>
</total>
<tag>
<stat pass="1" fail="0" skip="0">Regression</stat>
<stat pass="1" fail="0" skip="0">Smoke</stat>
</tag>
<suite>
<stat pass="2" fail="0" skip="0" id="s1" name="Tests">Tests</stat>
<stat pass="2" fail="0" skip="0" id="s1-s1" name="Datadriven Test">Tests.Datadriven Test</stat>
</suite>
</statistics>
<errors>
</errors>
</robot>
